-------------------------------------------------------------------------------
Test set: TestSuite
-------------------------------------------------------------------------------
Tests run: 5, Failures: 1, Errors: 0, Skipped: 4, Time elapsed: 0.961 sec <<< FAILURE! - in TestSuite
setBrowser(tests.BasePageTest)  Time elapsed: 0.363 sec  <<< FAILURE!
java.lang.UnsupportedClassVersionError: org/openqa/selenium/WebDriver : Unsupported major.minor version 52.0

