<?xml version="1.0" encoding="UTF-8"?>
<testng-results skipped="0" failed="1" total="1" passed="0">
  <reporter-output>
  </reporter-output>
  <suite name="Automation suite" duration-ms="1151" started-at="2017-07-15T16:52:18Z" finished-at="2017-07-15T16:52:19Z">
    <groups>
    </groups>
    <test name="Test" duration-ms="1151" started-at="2017-07-15T16:52:18Z" finished-at="2017-07-15T16:52:19Z">
      <class name="tests.GmailLoginPageTest">
        <test-method status="PASS" signature="setBrowser()[pri:0, instance:tests.GmailLoginPageTest@90f6bfd]" name="setBrowser" is-config="true" duration-ms="3747" started-at="2017-07-15T22:22:14Z" finished-at="2017-07-15T22:22:18Z">
          <reporter-output>
          </reporter-output>
        </test-method> <!-- setBrowser -->
        <test-method status="PASS" signature="setConfiguration()[pri:0, instance:tests.GmailLoginPageTest@90f6bfd]" name="setConfiguration" is-config="true" duration-ms="48" started-at="2017-07-15T22:22:18Z" finished-at="2017-07-15T22:22:18Z">
          <reporter-output>
          </reporter-output>
        </test-method> <!-- setConfiguration -->
        <test-method status="FAIL" signature="checkTitleOfPage()[pri:0, instance:tests.GmailLoginPageTest@90f6bfd]" name="checkTitleOfPage" duration-ms="28" started-at="2017-07-15T22:22:18Z" finished-at="2017-07-15T22:22:18Z">
          <exception class="java.lang.AssertionError">
            <message>
              <![CDATA[Title of page is not matching. Expected titleGmail expected [Gmail] but found []]]>
            </message>
            <full-stacktrace>
              <![CDATA[java.lang.AssertionError: Title of page is not matching. Expected titleGmail expected [Gmail] but found []
	at org.testng.Assert.fail(Assert.java:94)
	at org.testng.Assert.failNotEquals(Assert.java:496)
	at org.testng.Assert.assertEquals(Assert.java:125)
	at org.testng.Assert.assertEquals(Assert.java:178)
	at tests.GmailLoginPageTest.checkTitleOfPage(GmailLoginPageTest.java:17)
	at sun.reflect.NativeMethodAccessorImpl.invoke0(Native Method)
	at sun.reflect.NativeMethodAccessorImpl.invoke(NativeMethodAccessorImpl.java:62)
	at sun.reflect.DelegatingMethodAccessorImpl.invoke(DelegatingMethodAccessorImpl.java:43)
	at java.lang.reflect.Method.invoke(Method.java:498)
	at org.testng.internal.MethodInvocationHelper.invokeMethod(MethodInvocationHelper.java:85)
	at org.testng.internal.Invoker.invokeMethod(Invoker.java:639)
	at org.testng.internal.Invoker.invokeTestMethod(Invoker.java:816)
	at org.testng.internal.Invoker.invokeTestMethods(Invoker.java:1124)
	at org.testng.internal.TestMethodWorker.invokeTestMethods(TestMethodWorker.java:125)
	at org.testng.internal.TestMethodWorker.run(TestMethodWorker.java:108)
	at org.testng.TestRunner.privateRun(TestRunner.java:774)
	at org.testng.TestRunner.run(TestRunner.java:624)
	at org.testng.SuiteRunner.runTest(SuiteRunner.java:359)
	at org.testng.SuiteRunner.runSequentially(SuiteRunner.java:354)
	at org.testng.SuiteRunner.privateRun(SuiteRunner.java:312)
	at org.testng.SuiteRunner.run(SuiteRunner.java:261)
	at org.testng.SuiteRunnerWorker.runSuite(SuiteRunnerWorker.java:52)
	at org.testng.SuiteRunnerWorker.run(SuiteRunnerWorker.java:86)
	at org.testng.TestNG.runSuitesSequentially(TestNG.java:1191)
	at org.testng.TestNG.runSuitesLocally(TestNG.java:1116)
	at org.testng.TestNG.run(TestNG.java:1024)
	at org.apache.maven.surefire.testng.TestNGExecutor.run(TestNGExecutor.java:281)
	at org.apache.maven.surefire.testng.TestNGXmlTestSuite.execute(TestNGXmlTestSuite.java:75)
	at org.apache.maven.surefire.testng.TestNGProvider.invoke(TestNGProvider.java:121)
	at org.apache.maven.surefire.booter.ForkedBooter.invokeProviderInSameClassLoader(ForkedBooter.java:290)
	at org.apache.maven.surefire.booter.ForkedBooter.runSuitesInProcess(ForkedBooter.java:242)
	at org.apache.maven.surefire.booter.ForkedBooter.main(ForkedBooter.java:121)
]]>
            </full-stacktrace>
          </exception> <!-- java.lang.AssertionError -->
          <reporter-output>
          </reporter-output>
        </test-method> <!-- checkTitleOfPage -->
        <test-method status="PASS" signature="tearDown()[pri:0, instance:tests.GmailLoginPageTest@90f6bfd]" name="tearDown" is-config="true" duration-ms="1042" started-at="2017-07-15T22:22:18Z" finished-at="2017-07-15T22:22:19Z">
          <reporter-output>
          </reporter-output>
        </test-method> <!-- tearDown -->
      </class> <!-- tests.GmailLoginPageTest -->
    </test> <!-- Test -->
  </suite> <!-- Automation suite -->
</testng-results>
